


          SolidWorks Corporation - STEP Processor Error Log
          ______________________________________________________

                       STEP Post Processor
                       ___________________


STEP File Name: Z:\ls\Git\MasterThesis\CAD\CBoard\Verbindungselemente\Hex Spacer\Hex Spacer MF M3 L6mm.stp


Die Oberflächen wurden erfolgreich zu einem Volumenkörper verarbeitet.
STEPImport ausgeführt.
Error: Volumenkörper konnte nicht von getrimmten Oberflächen erstellt werden.
STEPImport nicht erfolgreich ausgeführt.
Die Oberflächen wurden erfolgreich zu einem Volumenkörper verarbeitet.
STEPImport ausgeführt.
Error: Volumenkörper konnte nicht von getrimmten Oberflächen erstellt werden.
STEPImport nicht erfolgreich ausgeführt.
Die Oberflächen wurden erfolgreich zu einem Volumenkörper verarbeitet.
STEPImport ausgeführt.
Error: Volumenkörper konnte nicht von getrimmten Oberflächen erstellt werden.
STEPImport nicht erfolgreich ausgeführt.
Die Oberflächen wurden erfolgreich zu einem Volumenkörper verarbeitet.
STEPImport ausgeführt.
Error: Volumenkörper konnte nicht von getrimmten Oberflächen erstellt werden.
STEPImport nicht erfolgreich ausgeführt.
Die Oberflächen wurden erfolgreich zu einem Volumenkörper verarbeitet.
STEPImport ausgeführt.
Error: Volumenkörper konnte nicht von getrimmten Oberflächen erstellt werden.
STEPImport nicht erfolgreich ausgeführt.
Die Oberflächen wurden erfolgreich zu einem Volumenkörper verarbeitet.
STEPImport ausgeführt.
Error: Volumenkörper konnte nicht von getrimmten Oberflächen erstellt werden.
STEPImport nicht erfolgreich ausgeführt.
Die Oberflächen wurden erfolgreich zu einem Volumenkörper verarbeitet.
STEPImport ausgeführt.
Error: Volumenkörper konnte nicht von getrimmten Oberflächen erstellt werden.
STEPImport nicht erfolgreich ausgeführt.
Die Oberflächen wurden erfolgreich zu einem Volumenkörper verarbeitet.
STEPImport ausgeführt.
Error: Volumenkörper konnte nicht von getrimmten Oberflächen erstellt werden.
STEPImport nicht erfolgreich ausgeführt.
Die Oberflächen wurden erfolgreich zu einem Volumenkörper verarbeitet.
STEPImport ausgeführt.
Error: Volumenkörper konnte nicht von getrimmten Oberflächen erstellt werden.
STEPImport nicht erfolgreich ausgeführt.
Die Oberflächen wurden erfolgreich zu einem Volumenkörper verarbeitet.
STEPImport ausgeführt.
Error: Volumenkörper konnte nicht von getrimmten Oberflächen erstellt werden.
STEPImport nicht erfolgreich ausgeführt.
Die Oberflächen wurden erfolgreich zu einem Volumenkörper verarbeitet.
STEPImport ausgeführt.
Error: Volumenkörper konnte nicht von getrimmten Oberflächen erstellt werden.
STEPImport nicht erfolgreich ausgeführt.
Die Oberflächen wurden erfolgreich zu einem Volumenkörper verarbeitet.
STEPImport ausgeführt.
Error: Volumenkörper konnte nicht von getrimmten Oberflächen erstellt werden.
STEPImport nicht erfolgreich ausgeführt.
Die Oberflächen wurden erfolgreich zu einem Volumenkörper verarbeitet.
STEPImport ausgeführt.
Error: Volumenkörper konnte nicht von getrimmten Oberflächen erstellt werden.
STEPImport nicht erfolgreich ausgeführt.
Die Oberflächen wurden erfolgreich zu einem Volumenkörper verarbeitet.
STEPImport ausgeführt.
Error: Volumenkörper konnte nicht von getrimmten Oberflächen erstellt werden.
STEPImport nicht erfolgreich ausgeführt.
Die Oberflächen wurden erfolgreich zu einem Volumenkörper verarbeitet.
STEPImport ausgeführt.
Error: Volumenkörper konnte nicht von getrimmten Oberflächen erstellt werden.
STEPImport nicht erfolgreich ausgeführt.
Die Oberflächen wurden erfolgreich zu einem Volumenkörper verarbeitet.
STEPImport ausgeführt.
Error: Volumenkörper konnte nicht von getrimmten Oberflächen erstellt werden.
STEPImport nicht erfolgreich ausgeführt.
Die Oberflächen wurden erfolgreich zu einem Volumenkörper verarbeitet.
STEPImport ausgeführt.
Error: Volumenkörper konnte nicht von getrimmten Oberflächen erstellt werden.
STEPImport nicht erfolgreich ausgeführt.
Die Oberflächen wurden erfolgreich zu einem Volumenkörper verarbeitet.
STEPImport ausgeführt.
Error: Volumenkörper konnte nicht von getrimmten Oberflächen erstellt werden.
STEPImport nicht erfolgreich ausgeführt.
Die Oberflächen wurden erfolgreich zu einem Volumenkörper verarbeitet.
STEPImport ausgeführt.
Error: Volumenkörper konnte nicht von getrimmten Oberflächen erstellt werden.
STEPImport nicht erfolgreich ausgeführt.
Die Oberflächen wurden erfolgreich zu einem Volumenkörper verarbeitet.
STEPImport ausgeführt.
Error: Volumenkörper konnte nicht von getrimmten Oberflächen erstellt werden.
STEPImport nicht erfolgreich ausgeführt.
Die Oberflächen wurden erfolgreich zu einem Volumenkörper verarbeitet.
STEPImport ausgeführt.
Error: Volumenkörper konnte nicht von getrimmten Oberflächen erstellt werden.
STEPImport nicht erfolgreich ausgeführt.
Die Oberflächen wurden erfolgreich zu einem Volumenkörper verarbeitet.
STEPImport ausgeführt.
Error: Volumenkörper konnte nicht von getrimmten Oberflächen erstellt werden.
STEPImport nicht erfolgreich ausgeführt.
Die Oberflächen wurden erfolgreich zu einem Volumenkörper verarbeitet.
STEPImport ausgeführt.
Error: Volumenkörper konnte nicht von getrimmten Oberflächen erstellt werden.
STEPImport nicht erfolgreich ausgeführt.
